#
# A fatal error has been detected by the Java Runtime Environment:
#
#  EXCEPTION_ACCESS_VIOLATION (0xc0000005) at pc=0x0000000000000000, pid=348, tid=11380
#
# JRE version: OpenJDK Runtime Environment (11.0.5+10) (build 11.0.5+10-b520.30)
# Java VM: OpenJDK 64-Bit Server VM (11.0.5+10-b520.30, mixed mode, tiered, compressed oops, g1 gc, windows-amd64)
# Problematic frame:
# C  0x0000000000000000
#
# No core dump will be written. Minidumps are not enabled by default on client versions of Windows
#
# If you would like to submit a bug report, please visit:
#   http://bugreport.java.com/bugreport/crash.jsp
# The crash happened outside the Java Virtual Machine in native code.
# See problematic frame for where to report the bug.
#

---------------  S U M M A R Y ------------

Command Line: -agentlib:jdwp=transport=dt_socket,address=51600,suspend=y,server=y -javaagent:C:\Users\beard\AppData\Local\JetBrains\Toolbox\apps\IDEA-U\ch-0\193.6015.39\plugins\java\lib\rt\debugger-agent.jar com.miedviediev.cs.Practice3.Servers.StoreServerTCP

Host: AMD Ryzen 7 2700U with Radeon Vega Mobile Gfx  , 8 cores, 15G,  Windows 10 , 64 bit Build 18362 (10.0.18362.778)
Time: Mon Jun  8 22:10:20 2020 Финляндия (лето) elapsed time: 28 seconds (0d 0h 0m 28s)

---------------  T H R E A D  ---------------

Current thread (0x0000023519f61800):  JavaThread "main" [_thread_in_native, id=11380, stack(0x0000009956c00000,0x0000009956d00000)]

Stack: [0x0000009956c00000,0x0000009956d00000],  sp=0x0000009956cff208,  free space=1020k
Native frames: (J=compiled Java code, j=interpreted, Vv=VM code, C=native code)

Java frames: (J=compiled Java code, j=interpreted, Vv=VM code)
j  org.sqlite.core.NativeDB.prepare(Ljava/lang/String;)J+0
j  org.sqlite.core.DB.prepare(Lorg/sqlite/core/CoreStatement;)V+21
j  org.sqlite.core.CorePreparedStatement.<init>(Lorg/sqlite/SQLiteConnection;Ljava/lang/String;)V+15
j  org.sqlite.jdbc3.JDBC3PreparedStatement.<init>(Lorg/sqlite/SQLiteConnection;Ljava/lang/String;)V+3
j  org.sqlite.jdbc4.JDBC4PreparedStatement.<init>(Lorg/sqlite/SQLiteConnection;Ljava/lang/String;)V+3
j  org.sqlite.jdbc4.JDBC4Connection.prepareStatement(Ljava/lang/String;III)Ljava/sql/PreparedStatement;+21
j  org.sqlite.jdbc3.JDBC3Connection.prepareStatement(Ljava/lang/String;II)Ljava/sql/PreparedStatement;+5
j  org.sqlite.jdbc3.JDBC3Connection.prepareStatement(Ljava/lang/String;)Ljava/sql/PreparedStatement;+8
j  com.miedviediev.cs.Database.ProductDAO.getAll()Ljava/util/List;+16
j  com.miedviediev.cs.Practice3.Servers.StoreServerTCP.main([Ljava/lang/String;)V+22
v  ~StubRoutines::call_stub

siginfo: EXCEPTION_ACCESS_VIOLATION (0xc0000005), data execution prevention violation at address 0x0000000000000000


Register to memory mapping:

RIP=0x0 is NULL
RAX=0x0000000000000001 is an unknown value
RBX=0x000002353c0b5e48 points into unknown readable memory: 60 8c 61 6d 00 00 00 00
RCX=0x000002353c109fa8 points into unknown readable memory: ff ff ff ff ff ff ff ff
RDX=0x000002353a392ee0 points into unknown readable memory: 53 45 4c 45 43 54 20 2a
RSP=0x0000009956cff208 is pointing into the stack for thread: 0x0000023519f61800
RBP=0x0 is NULL
RSI=0x0000009956cff328 is pointing into the stack for thread: 0x0000023519f61800
RDI=0x000002353a392ee0 points into unknown readable memory: 53 45 4c 45 43 54 20 2a
R8 =0x00000000ffffffff is an unknown value
R9 =0x0000000000000001 is an unknown value
R10=0x000002353a392ef5 points into unknown readable memory: 00 00 00
R11=0x0000009956cff2e0 is pointing into the stack for thread: 0x0000023519f61800
R12=0x0 is NULL
R13=0x0000000000000001 is an unknown value
R14=0x00000000ffffffff is an unknown value
R15=0x0000023519f61800 is a thread


Registers:
RAX=0x0000000000000001, RBX=0x000002353c0b5e48, RCX=0x000002353c109fa8, RDX=0x000002353a392ee0
RSP=0x0000009956cff208, RBP=0x0000000000000000, RSI=0x0000009956cff328, RDI=0x000002353a392ee0
R8 =0x00000000ffffffff, R9 =0x0000000000000001, R10=0x000002353a392ef5, R11=0x0000009956cff2e0
R12=0x0000000000000000, R13=0x0000000000000001, R14=0x00000000ffffffff, R15=0x0000023519f61800
RIP=0x0000000000000000, EFLAGS=0x0000000000010202

Top of Stack: (sp=0x0000009956cff208)
0x0000009956cff208:   0000000000ccf188 0000009900000000
0x0000009956cff218:   0000023519f61800 0000000000000000
0x0000009956cff228:   00007ffcaf2f022a 000002353a392ee0
0x0000009956cff238:   00007ffcaf33bd11 000002353a392ee0
0x0000009956cff248:   0000000000000016 0000023539b5c060
0x0000009956cff258:   0000023519f61b40 0000009956cff410
0x0000009956cff268:   000002353a392ee0 0000009956cff418
0x0000009956cff278:   000002353c0b5e48 0000023539b5ce48
0x0000009956cff288:   0000009956cff418 0000023519f61800
0x0000009956cff298:   0000000000ccf467 0000023519f61800
0x0000009956cff2a8:   00007ffcaf5f5175 0000000000000000
0x0000009956cff2b8:   0000000000000000 0000000000000000
0x0000009956cff2c8:   0000009956cff328 0000000000000000
0x0000009956cff2d8:   0000023519f61b40 0000009956cff418
0x0000009956cff2e8:   0000000000c5206f 0000023519f61b40
0x0000009956cff2f8:   0000009956cff418 0000009956cff410 

Instructions: (pc=0x0000000000000000)
0xffffffffffffff00:   


Stack slot to memory mapping:
stack at sp + 0 slots: 0x0000000000ccf188 sqlite-3.8.11.1-f02f59a0-7c05-4c0f-a2ef-fb3f1f25c57c-sqlitejdbc.dll
stack at sp + 1 slots: 0x0000009900000000 is an unknown value
stack at sp + 2 slots: 0x0000023519f61800 is a thread
stack at sp + 3 slots: 0x0 is NULL
stack at sp + 4 slots: 0x00007ffcaf2f022a jvm.dll
stack at sp + 5 slots: 0x000002353a392ee0 points into unknown readable memory: 53 45 4c 45 43 54 20 2a
stack at sp + 6 slots: 0x00007ffcaf33bd11 jvm.dll
stack at sp + 7 slots: 0x000002353a392ee0 points into unknown readable memory: 53 45 4c 45 43 54 20 2a


---------------  P R O C E S S  ---------------

Threads class SMR info:
_java_thread_list=0x0000023539d1d630, length=14, elements={
0x0000023519f61800, 0x0000023539391800, 0x0000023539393000, 0x0000023539c4c000,
0x0000023539c4d000, 0x0000023539c50000, 0x0000023539c55800, 0x0000023539cc3000,
0x0000023539c21000, 0x000002353a0b4000, 0x0000023539f49000, 0x0000023539f4a000,
0x0000023539f21800, 0x000002353a166000
}

Java Threads: ( => current thread )
=>0x0000023519f61800 JavaThread "main" [_thread_in_native, id=11380, stack(0x0000009956c00000,0x0000009956d00000)]
  0x0000023539391800 JavaThread "Reference Handler" daemon [_thread_blocked, id=4960, stack(0x0000009957300000,0x0000009957400000)]
  0x0000023539393000 JavaThread "Finalizer" daemon [_thread_blocked, id=27008, stack(0x0000009957400000,0x0000009957500000)]
  0x0000023539c4c000 JavaThread "Signal Dispatcher" daemon [_thread_blocked, id=26552, stack(0x0000009957500000,0x0000009957600000)]
  0x0000023539c4d000 JavaThread "Attach Listener" daemon [_thread_blocked, id=25164, stack(0x0000009957600000,0x0000009957700000)]
  0x0000023539c50000 JavaThread "C2 CompilerThread0" daemon [_thread_blocked, id=9916, stack(0x0000009957700000,0x0000009957800000)]
  0x0000023539c55800 JavaThread "C1 CompilerThread0" daemon [_thread_blocked, id=23612, stack(0x0000009957800000,0x0000009957900000)]
  0x0000023539cc3000 JavaThread "Sweeper thread" daemon [_thread_blocked, id=11516, stack(0x0000009957900000,0x0000009957a00000)]
  0x0000023539c21000 JavaThread "Common-Cleaner" daemon [_thread_blocked, id=15504, stack(0x0000009957a00000,0x0000009957b00000)]
  0x000002353a0b4000 JavaThread "JDWP Transport Listener: dt_socket" daemon [_thread_blocked, id=15388, stack(0x0000009957c00000,0x0000009957d00000)]
  0x0000023539f49000 JavaThread "JDWP Event Helper Thread" daemon [_thread_blocked, id=21808, stack(0x0000009957d00000,0x0000009957e00000)]
  0x0000023539f4a000 JavaThread "JDWP Command Reader" daemon [_thread_in_native, id=9952, stack(0x0000009957e00000,0x0000009957f00000)]
  0x0000023539f21800 JavaThread "Service Thread" daemon [_thread_blocked, id=24008, stack(0x0000009957b00000,0x0000009957c00000)]
  0x000002353a166000 JavaThread "Thread-0" [_thread_in_native, id=8820, stack(0x0000009958000000,0x0000009958100000)]

Other Threads:
  0x000002353937c800 VMThread "VM Thread" [stack: 0x0000009957200000,0x0000009957300000] [id=15488]
  0x000002353a163000 WatcherThread [stack: 0x0000009957f00000,0x0000009958000000] [id=4304]
  0x0000023519f7a000 GCTaskThread "GC Thread#0" [stack: 0x0000009956d00000,0x0000009956e00000] [id=2144]
  0x0000023539d1d000 GCTaskThread "GC Thread#1" [stack: 0x0000009958300000,0x0000009958400000] [id=23752]
  0x000002353a428000 GCTaskThread "GC Thread#2" [stack: 0x0000009958400000,0x0000009958500000] [id=11312]
  0x000002353a429000 GCTaskThread "GC Thread#3" [stack: 0x0000009958500000,0x0000009958600000] [id=14300]
  0x000002353b232000 GCTaskThread "GC Thread#4" [stack: 0x0000009958600000,0x0000009958700000] [id=4172]
  0x000002353b232800 GCTaskThread "GC Thread#5" [stack: 0x0000009958700000,0x0000009958800000] [id=1860]
  0x0000023517f7b800 ConcurrentGCThread "G1 Main Marker" [stack: 0x0000009956e00000,0x0000009956f00000] [id=25796]
  0x0000023517f7d800 ConcurrentGCThread "G1 Conc#0" [stack: 0x0000009956f00000,0x0000009957000000] [id=22988]
  0x0000023539264800 ConcurrentGCThread "G1 Refine#0" [stack: 0x0000009957000000,0x0000009957100000] [id=22928]
  0x0000023539265800 ConcurrentGCThread "G1 Young RemSet Sampling" [stack: 0x0000009957100000,0x0000009957200000] [id=11164]

Threads with active compile tasks:

VM state:not at safepoint (normal execution)

VM Mutex/Monitor currently owned by a thread: None

Heap address: 0x0000000705e00000, size: 4002 MB, Compressed Oops mode: Zero based, Oop shift amount: 3
Narrow klass base: 0x0000000800000000, Narrow klass shift: 0
Compressed class space size: 1073741824 Address: 0x0000000800000000

Heap:
 garbage-first heap   total 258048K, used 3552K [0x0000000705e00000, 0x0000000800000000)
  region size 1024K, 5 young (5120K), 3 survivors (3072K)
 Metaspace       used 11669K, capacity 11930K, committed 12032K, reserved 1060864K
  class space    used 1125K, capacity 1234K, committed 1280K, reserved 1048576K
Heap Regions: E=young(eden), S=young(survivor), O=old, HS=humongous(starts), HC=humongous(continues), CS=collection set, F=free, A=archive, TAMS=top-at-mark-start (previous, next)
|   0|0x0000000705e00000, 0x0000000705e00000, 0x0000000705f00000|  0%| F|  |TAMS 0x0000000705e00000, 0x0000000705e00000| Untracked 
|   1|0x0000000705f00000, 0x0000000705f00000, 0x0000000706000000|  0%| F|  |TAMS 0x0000000705f00000, 0x0000000705f00000| Untracked 
|   2|0x0000000706000000, 0x0000000706000000, 0x0000000706100000|  0%| F|  |TAMS 0x0000000706000000, 0x0000000706000000| Untracked 
|   3|0x0000000706100000, 0x0000000706100000, 0x0000000706200000|  0%| F|  |TAMS 0x0000000706100000, 0x0000000706100000| Untracked 
|   4|0x0000000706200000, 0x0000000706200000, 0x0000000706300000|  0%| F|  |TAMS 0x0000000706200000, 0x0000000706200000| Untracked 
|   5|0x0000000706300000, 0x0000000706300000, 0x0000000706400000|  0%| F|  |TAMS 0x0000000706300000, 0x0000000706300000| Untracked 
|   6|0x0000000706400000, 0x0000000706400000, 0x0000000706500000|  0%| F|  |TAMS 0x0000000706400000, 0x0000000706400000| Untracked 
|   7|0x0000000706500000, 0x0000000706500000, 0x0000000706600000|  0%| F|  |TAMS 0x0000000706500000, 0x0000000706500000| Untracked 
|   8|0x0000000706600000, 0x0000000706600000, 0x0000000706700000|  0%| F|  |TAMS 0x0000000706600000, 0x0000000706600000| Untracked 
|   9|0x0000000706700000, 0x0000000706700000, 0x0000000706800000|  0%| F|  |TAMS 0x0000000706700000, 0x0000000706700000| Untracked 
|  10|0x0000000706800000, 0x0000000706800000, 0x0000000706900000|  0%| F|  |TAMS 0x0000000706800000, 0x0000000706800000| Untracked 
|  11|0x0000000706900000, 0x0000000706900000, 0x0000000706a00000|  0%| F|  |TAMS 0x0000000706900000, 0x0000000706900000| Untracked 
|  12|0x0000000706a00000, 0x0000000706a00000, 0x0000000706b00000|  0%| F|  |TAMS 0x0000000706a00000, 0x0000000706a00000| Untracked 
|  13|0x0000000706b00000, 0x0000000706b00000, 0x0000000706c00000|  0%| F|  |TAMS 0x0000000706b00000, 0x0000000706b00000| Untracked 
|  14|0x0000000706c00000, 0x0000000706c00000, 0x0000000706d00000|  0%| F|  |TAMS 0x0000000706c00000, 0x0000000706c00000| Untracked 
|  15|0x0000000706d00000, 0x0000000706d00000, 0x0000000706e00000|  0%| F|  |TAMS 0x0000000706d00000, 0x0000000706d00000| Untracked 
|  16|0x0000000706e00000, 0x0000000706e00000, 0x0000000706f00000|  0%| F|  |TAMS 0x0000000706e00000, 0x0000000706e00000| Untracked 
|  17|0x0000000706f00000, 0x0000000706f00000, 0x0000000707000000|  0%| F|  |TAMS 0x0000000706f00000, 0x0000000706f00000| Untracked 
|  18|0x0000000707000000, 0x0000000707000000, 0x0000000707100000|  0%| F|  |TAMS 0x0000000707000000, 0x0000000707000000| Untracked 
|  19|0x0000000707100000, 0x0000000707100000, 0x0000000707200000|  0%| F|  |TAMS 0x0000000707100000, 0x0000000707100000| Untracked 
|  20|0x0000000707200000, 0x0000000707200000, 0x0000000707300000|  0%| F|  |TAMS 0x0000000707200000, 0x0000000707200000| Untracked 
|  21|0x0000000707300000, 0x0000000707300000, 0x0000000707400000|  0%| F|  |TAMS 0x0000000707300000, 0x0000000707300000| Untracked 
|  22|0x0000000707400000, 0x0000000707400000, 0x0000000707500000|  0%| F|  |TAMS 0x0000000707400000, 0x0000000707400000| Untracked 
|  23|0x0000000707500000, 0x0000000707500000, 0x0000000707600000|  0%| F|  |TAMS 0x0000000707500000, 0x0000000707500000| Untracked 
|  24|0x0000000707600000, 0x0000000707600000, 0x0000000707700000|  0%| F|  |TAMS 0x0000000707600000, 0x0000000707600000| Untracked 
|  25|0x0000000707700000, 0x0000000707700000, 0x0000000707800000|  0%| F|  |TAMS 0x0000000707700000, 0x0000000707700000| Untracked 
|  26|0x0000000707800000, 0x0000000707800000, 0x0000000707900000|  0%| F|  |TAMS 0x0000000707800000, 0x0000000707800000| Untracked 
|  27|0x0000000707900000, 0x0000000707900000, 0x0000000707a00000|  0%| F|  |TAMS 0x0000000707900000, 0x0000000707900000| Untracked 
|  28|0x0000000707a00000, 0x0000000707a00000, 0x0000000707b00000|  0%| F|  |TAMS 0x0000000707a00000, 0x0000000707a00000| Untracked 
|  29|0x0000000707b00000, 0x0000000707b00000, 0x0000000707c00000|  0%| F|  |TAMS 0x0000000707b00000, 0x0000000707b00000| Untracked 
|  30|0x0000000707c00000, 0x0000000707c00000, 0x0000000707d00000|  0%| F|  |TAMS 0x0000000707c00000, 0x0000000707c00000| Untracked 
|  31|0x0000000707d00000, 0x0000000707d00000, 0x0000000707e00000|  0%| F|  |TAMS 0x0000000707d00000, 0x0000000707d00000| Untracked 
|  32|0x0000000707e00000, 0x0000000707e00000, 0x0000000707f00000|  0%| F|  |TAMS 0x0000000707e00000, 0x0000000707e00000| Untracked 
|  33|0x0000000707f00000, 0x0000000707f00000, 0x0000000708000000|  0%| F|  |TAMS 0x0000000707f00000, 0x0000000707f00000| Untracked 
|  34|0x0000000708000000, 0x0000000708000000, 0x0000000708100000|  0%| F|  |TAMS 0x0000000708000000, 0x0000000708000000| Untracked 
|  35|0x0000000708100000, 0x0000000708100000, 0x0000000708200000|  0%| F|  |TAMS 0x0000000708100000, 0x0000000708100000| Untracked 
|  36|0x0000000708200000, 0x0000000708200000, 0x0000000708300000|  0%| F|  |TAMS 0x0000000708200000, 0x0000000708200000| Untracked 
|  37|0x0000000708300000, 0x0000000708300000, 0x0000000708400000|  0%| F|  |TAMS 0x0000000708300000, 0x0000000708300000| Untracked 
|  38|0x0000000708400000, 0x0000000708400000, 0x0000000708500000|  0%| F|  |TAMS 0x0000000708400000, 0x0000000708400000| Untracked 
|  39|0x0000000708500000, 0x0000000708500000, 0x0000000708600000|  0%| F|  |TAMS 0x0000000708500000, 0x0000000708500000| Untracked 
|  40|0x0000000708600000, 0x0000000708600000, 0x0000000708700000|  0%| F|  |TAMS 0x0000000708600000, 0x0000000708600000| Untracked 
|  41|0x0000000708700000, 0x0000000708700000, 0x0000000708800000|  0%| F|  |TAMS 0x0000000708700000, 0x0000000708700000| Untracked 
|  42|0x0000000708800000, 0x0000000708800000, 0x0000000708900000|  0%| F|  |TAMS 0x0000000708800000, 0x0000000708800000| Untracked 
|  43|0x0000000708900000, 0x0000000708900000, 0x0000000708a00000|  0%| F|  |TAMS 0x0000000708900000, 0x0000000708900000| Untracked 
|  44|0x0000000708a00000, 0x0000000708a00000, 0x0000000708b00000|  0%| F|  |TAMS 0x0000000708a00000, 0x0000000708a00000| Untracked 
|  45|0x0000000708b00000, 0x0000000708b00000, 0x0000000708c00000|  0%| F|  |TAMS 0x0000000708b00000, 0x0000000708b00000| Untracked 
|  46|0x0000000708c00000, 0x0000000708c00000, 0x0000000708d00000|  0%| F|  |TAMS 0x0000000708c00000, 0x0000000708c00000| Untracked 
|  47|0x0000000708d00000, 0x0000000708d00000, 0x0000000708e00000|  0%| F|  |TAMS 0x0000000708d00000, 0x0000000708d00000| Untracked 
|  48|0x0000000708e00000, 0x0000000708e00000, 0x0000000708f00000|  0%| F|  |TAMS 0x0000000708e00000, 0x0000000708e00000| Untracked 
|  49|0x0000000708f00000, 0x0000000708f00000, 0x0000000709000000|  0%| F|  |TAMS 0x0000000708f00000, 0x0000000708f00000| Untracked 
|  50|0x0000000709000000, 0x0000000709000000, 0x0000000709100000|  0%| F|  |TAMS 0x0000000709000000, 0x0000000709000000| Untracked 
|  51|0x0000000709100000, 0x0000000709100000, 0x0000000709200000|  0%| F|  |TAMS 0x0000000709100000, 0x0000000709100000| Untracked 
|  52|0x0000000709200000, 0x0000000709200000, 0x0000000709300000|  0%| F|  |TAMS 0x0000000709200000, 0x0000000709200000| Untracked 
|  53|0x0000000709300000, 0x0000000709300000, 0x0000000709400000|  0%| F|  |TAMS 0x0000000709300000, 0x0000000709300000| Untracked 
|  54|0x0000000709400000, 0x0000000709400000, 0x0000000709500000|  0%| F|  |TAMS 0x0000000709400000, 0x0000000709400000| Untracked 
|  55|0x0000000709500000, 0x0000000709500000, 0x0000000709600000|  0%| F|  |TAMS 0x0000000709500000, 0x0000000709500000| Untracked 
|  56|0x0000000709600000, 0x0000000709600000, 0x0000000709700000|  0%| F|  |TAMS 0x0000000709600000, 0x0000000709600000| Untracked 
|  57|0x0000000709700000, 0x0000000709700000, 0x0000000709800000|  0%| F|  |TAMS 0x0000000709700000, 0x0000000709700000| Untracked 
|  58|0x0000000709800000, 0x0000000709800000, 0x0000000709900000|  0%| F|  |TAMS 0x0000000709800000, 0x0000000709800000| Untracked 
|  59|0x0000000709900000, 0x0000000709900000, 0x0000000709a00000|  0%| F|  |TAMS 0x0000000709900000, 0x0000000709900000| Untracked 
|  60|0x0000000709a00000, 0x0000000709a00000, 0x0000000709b00000|  0%| F|  |TAMS 0x0000000709a00000, 0x0000000709a00000| Untracked 
|  61|0x0000000709b00000, 0x0000000709b00000, 0x0000000709c00000|  0%| F|  |TAMS 0x0000000709b00000, 0x0000000709b00000| Untracked 
|  62|0x0000000709c00000, 0x0000000709c00000, 0x0000000709d00000|  0%| F|  |TAMS 0x0000000709c00000, 0x0000000709c00000| Untracked 
|  63|0x0000000709d00000, 0x0000000709d00000, 0x0000000709e00000|  0%| F|  |TAMS 0x0000000709d00000, 0x0000000709d00000| Untracked 
|  64|0x0000000709e00000, 0x0000000709e00000, 0x0000000709f00000|  0%| F|  |TAMS 0x0000000709e00000, 0x0000000709e00000| Untracked 
|  65|0x0000000709f00000, 0x0000000709f00000, 0x000000070a000000|  0%| F|  |TAMS 0x0000000709f00000, 0x0000000709f00000| Untracked 
|  66|0x000000070a000000, 0x000000070a000000, 0x000000070a100000|  0%| F|  |TAMS 0x000000070a000000, 0x000000070a000000| Untracked 
|  67|0x000000070a100000, 0x000000070a100000, 0x000000070a200000|  0%| F|  |TAMS 0x000000070a100000, 0x000000070a100000| Untracked 
|  68|0x000000070a200000, 0x000000070a200000, 0x000000070a300000|  0%| F|  |TAMS 0x000000070a200000, 0x000000070a200000| Untracked 
|  69|0x000000070a300000, 0x000000070a300000, 0x000000070a400000|  0%| F|  |TAMS 0x000000070a300000, 0x000000070a300000| Untracked 
|  70|0x000000070a400000, 0x000000070a400000, 0x000000070a500000|  0%| F|  |TAMS 0x000000070a400000, 0x000000070a400000| Untracked 
|  71|0x000000070a500000, 0x000000070a500000, 0x000000070a600000|  0%| F|  |TAMS 0x000000070a500000, 0x000000070a500000| Untracked 
|  72|0x000000070a600000, 0x000000070a600000, 0x000000070a700000|  0%| F|  |TAMS 0x000000070a600000, 0x000000070a600000| Untracked 
|  73|0x000000070a700000, 0x000000070a700000, 0x000000070a800000|  0%| F|  |TAMS 0x000000070a700000, 0x000000070a700000| Untracked 
|  74|0x000000070a800000, 0x000000070a800000, 0x000000070a900000|  0%| F|  |TAMS 0x000000070a800000, 0x000000070a800000| Untracked 
|  75|0x000000070a900000, 0x000000070a900000, 0x000000070aa00000|  0%| F|  |TAMS 0x000000070a900000, 0x000000070a900000| Untracked 
|  76|0x000000070aa00000, 0x000000070aa00000, 0x000000070ab00000|  0%| F|  |TAMS 0x000000070aa00000, 0x000000070aa00000| Untracked 
|  77|0x000000070ab00000, 0x000000070ab00000, 0x000000070ac00000|  0%| F|  |TAMS 0x000000070ab00000, 0x000000070ab00000| Untracked 
|  78|0x000000070ac00000, 0x000000070ac00000, 0x000000070ad00000|  0%| F|  |TAMS 0x000000070ac00000, 0x000000070ac00000| Untracked 
|  79|0x000000070ad00000, 0x000000070ad00000, 0x000000070ae00000|  0%| F|  |TAMS 0x000000070ad00000, 0x000000070ad00000| Untracked 
|  80|0x000000070ae00000, 0x000000070ae00000, 0x000000070af00000|  0%| F|  |TAMS 0x000000070ae00000, 0x000000070ae00000| Untracked 
|  81|0x000000070af00000, 0x000000070af00000, 0x000000070b000000|  0%| F|  |TAMS 0x000000070af00000, 0x000000070af00000| Untracked 
|  82|0x000000070b000000, 0x000000070b000000, 0x000000070b100000|  0%| F|  |TAMS 0x000000070b000000, 0x000000070b000000| Untracked 
|  83|0x000000070b100000, 0x000000070b100000, 0x000000070b200000|  0%| F|  |TAMS 0x000000070b100000, 0x000000070b100000| Untracked 
|  84|0x000000070b200000, 0x000000070b200000, 0x000000070b300000|  0%| F|  |TAMS 0x000000070b200000, 0x000000070b200000| Untracked 
|  85|0x000000070b300000, 0x000000070b300000, 0x000000070b400000|  0%| F|  |TAMS 0x000000070b300000, 0x000000070b300000| Untracked 
|  86|0x000000070b400000, 0x000000070b400000, 0x000000070b500000|  0%| F|  |TAMS 0x000000070b400000, 0x000000070b400000| Untracked 
|  87|0x000000070b500000, 0x000000070b500000, 0x000000070b600000|  0%| F|  |TAMS 0x000000070b500000, 0x000000070b500000| Untracked 
|  88|0x000000070b600000, 0x000000070b600000, 0x000000070b700000|  0%| F|  |TAMS 0x000000070b600000, 0x000000070b600000| Untracked 
|  89|0x000000070b700000, 0x000000070b700000, 0x000000070b800000|  0%| F|  |TAMS 0x000000070b700000, 0x000000070b700000| Untracked 
|  90|0x000000070b800000, 0x000000070b800000, 0x000000070b900000|  0%| F|  |TAMS 0x000000070b800000, 0x000000070b800000| Untracked 
|  91|0x000000070b900000, 0x000000070b900000, 0x000000070ba00000|  0%| F|  |TAMS 0x000000070b900000, 0x000000070b900000| Untracked 
|  92|0x000000070ba00000, 0x000000070ba00000, 0x000000070bb00000|  0%| F|  |TAMS 0x000000070ba00000, 0x000000070ba00000| Untracked 
|  93|0x000000070bb00000, 0x000000070bb00000, 0x000000070bc00000|  0%| F|  |TAMS 0x000000070bb00000, 0x000000070bb00000| Untracked 
|  94|0x000000070bc00000, 0x000000070bc00000, 0x000000070bd00000|  0%| F|  |TAMS 0x000000070bc00000, 0x000000070bc00000| Untracked 
|  95|0x000000070bd00000, 0x000000070bd00000, 0x000000070be00000|  0%| F|  |TAMS 0x000000070bd00000, 0x000000070bd00000| Untracked 
|  96|0x000000070be00000, 0x000000070be00000, 0x000000070bf00000|  0%| F|  |TAMS 0x000000070be00000, 0x000000070be00000| Untracked 
|  97|0x000000070bf00000, 0x000000070bf00000, 0x000000070c000000|  0%| F|  |TAMS 0x000000070bf00000, 0x000000070bf00000| Untracked 
|  98|0x000000070c000000, 0x000000070c000000, 0x000000070c100000|  0%| F|  |TAMS 0x000000070c000000, 0x000000070c000000| Untracked 
|  99|0x000000070c100000, 0x000000070c100000, 0x000000070c200000|  0%| F|  |TAMS 0x000000070c100000, 0x000000070c100000| Untracked 
| 100|0x000000070c200000, 0x000000070c200000, 0x000000070c300000|  0%| F|  |TAMS 0x000000070c200000, 0x000000070c200000| Untracked 
| 101|0x000000070c300000, 0x000000070c300000, 0x000000070c400000|  0%| F|  |TAMS 0x000000070c300000, 0x000000070c300000| Untracked 
| 102|0x000000070c400000, 0x000000070c400000, 0x000000070c500000|  0%| F|  |TAMS 0x000000070c400000, 0x000000070c400000| Untracked 
| 103|0x000000070c500000, 0x000000070c500000, 0x000000070c600000|  0%| F|  |TAMS 0x000000070c500000, 0x000000070c500000| Untracked 
| 104|0x000000070c600000, 0x000000070c600000, 0x000000070c700000|  0%| F|  |TAMS 0x000000070c600000, 0x000000070c600000| Untracked 
| 105|0x000000070c700000, 0x000000070c700000, 0x000000070c800000|  0%| F|  |TAMS 0x000000070c700000, 0x000000070c700000| Untracked 
| 106|0x000000070c800000, 0x000000070c800000, 0x000000070c900000|  0%| F|  |TAMS 0x000000070c800000, 0x000000070c800000| Untracked 
| 107|0x000000070c900000, 0x000000070c900000, 0x000000070ca00000|  0%| F|  |TAMS 0x000000070c900000, 0x000000070c900000| Untracked 
| 108|0x000000070ca00000, 0x000000070ca00000, 0x000000070cb00000|  0%| F|  |TAMS 0x000000070ca00000, 0x000000070ca00000| Untracked 
| 109|0x000000070cb00000, 0x000000070cb00000, 0x000000070cc00000|  0%| F|  |TAMS 0x000000070cb00000, 0x000000070cb00000| Untracked 
| 110|0x000000070cc00000, 0x000000070cc00000, 0x000000070cd00000|  0%| F|  |TAMS 0x000000070cc00000, 0x000000070cc00000| Untracked 
| 111|0x000000070cd00000, 0x000000070cd00000, 0x000000070ce00000|  0%| F|  |TAMS 0x000000070cd00000, 0x000000070cd00000| Untracked 
| 112|0x000000070ce00000, 0x000000070ce00000, 0x000000070cf00000|  0%| F|  |TAMS 0x000000070ce00000, 0x000000070ce00000| Untracked 
| 113|0x000000070cf00000, 0x000000070cf00000, 0x000000070d000000|  0%| F|  |TAMS 0x000000070cf00000, 0x000000070cf00000| Untracked 
| 114|0x000000070d000000, 0x000000070d000000, 0x000000070d100000|  0%| F|  |TAMS 0x000000070d000000, 0x000000070d000000| Untracked 
| 115|0x000000070d100000, 0x000000070d100000, 0x000000070d200000|  0%| F|  |TAMS 0x000000070d100000, 0x000000070d100000| Untracked 
| 116|0x000000070d200000, 0x000000070d200000, 0x000000070d300000|  0%| F|  |TAMS 0x000000070d200000, 0x000000070d200000| Untracked 
| 117|0x000000070d300000, 0x000000070d300000, 0x000000070d400000|  0%| F|  |TAMS 0x000000070d300000, 0x000000070d300000| Untracked 
| 118|0x000000070d400000, 0x000000070d400000, 0x000000070d500000|  0%| F|  |TAMS 0x000000070d400000, 0x000000070d400000| Untracked 
| 119|0x000000070d500000, 0x000000070d500000, 0x000000070d600000|  0%| F|  |TAMS 0x000000070d500000, 0x000000070d500000| Untracked 
| 120|0x000000070d600000, 0x000000070d600000, 0x000000070d700000|  0%| F|  |TAMS 0x000000070d600000, 0x000000070d600000| Untracked 
| 121|0x000000070d700000, 0x000000070d700000, 0x000000070d800000|  0%| F|  |TAMS 0x000000070d700000, 0x000000070d700000| Untracked 
| 122|0x000000070d800000, 0x000000070d800000, 0x000000070d900000|  0%| F|  |TAMS 0x000000070d800000, 0x000000070d800000| Untracked 
| 123|0x000000070d900000, 0x000000070d900000, 0x000000070da00000|  0%| F|  |TAMS 0x000000070d900000, 0x000000070d900000| Untracked 
| 124|0x000000070da00000, 0x000000070da00000, 0x000000070db00000|  0%| F|  |TAMS 0x000000070da00000, 0x000000070da00000| Untracked 
| 125|0x000000070db00000, 0x000000070db00000, 0x000000070dc00000|  0%| F|  |TAMS 0x000000070db00000, 0x000000070db00000| Untracked 
| 126|0x000000070dc00000, 0x000000070dc00000, 0x000000070dd00000|  0%| F|  |TAMS 0x000000070dc00000, 0x000000070dc00000| Untracked 
| 127|0x000000070dd00000, 0x000000070dd00000, 0x000000070de00000|  0%| F|  |TAMS 0x000000070dd00000, 0x000000070dd00000| Untracked 
| 128|0x000000070de00000, 0x000000070de00000, 0x000000070df00000|  0%| F|  |TAMS 0x000000070de00000, 0x000000070de00000| Untracked 
| 129|0x000000070df00000, 0x000000070df00000, 0x000000070e000000|  0%| F|  |TAMS 0x000000070df00000, 0x000000070df00000| Untracked 
| 130|0x000000070e000000, 0x000000070e000000, 0x000000070e100000|  0%| F|  |TAMS 0x000000070e000000, 0x000000070e000000| Untracked 
| 131|0x000000070e100000, 0x000000070e100000, 0x000000070e200000|  0%| F|  |TAMS 0x000000070e100000, 0x000000070e100000| Untracked 
| 132|0x000000070e200000, 0x000000070e200000, 0x000000070e300000|  0%| F|  |TAMS 0x000000070e200000, 0x000000070e200000| Untracked 
| 133|0x000000070e300000, 0x000000070e300000, 0x000000070e400000|  0%| F|  |TAMS 0x000000070e300000, 0x000000070e300000| Untracked 
| 134|0x000000070e400000, 0x000000070e400000, 0x000000070e500000|  0%| F|  |TAMS 0x000000070e400000, 0x000000070e400000| Untracked 
| 135|0x000000070e500000, 0x000000070e500000, 0x000000070e600000|  0%| F|  |TAMS 0x000000070e500000, 0x000000070e500000| Untracked 
| 136|0x000000070e600000, 0x000000070e600000, 0x000000070e700000|  0%| F|  |TAMS 0x000000070e600000, 0x000000070e600000| Untracked 
| 137|0x000000070e700000, 0x000000070e700000, 0x000000070e800000|  0%| F|  |TAMS 0x000000070e700000, 0x000000070e700000| Untracked 
| 138|0x000000070e800000, 0x000000070e800000, 0x000000070e900000|  0%| F|  |TAMS 0x000000070e800000, 0x000000070e800000| Untracked 
| 139|0x000000070e900000, 0x000000070e900000, 0x000000070ea00000|  0%| F|  |TAMS 0x000000070e900000, 0x000000070e900000| Untracked 
| 140|0x000000070ea00000, 0x000000070ea00000, 0x000000070eb00000|  0%| F|  |TAMS 0x000000070ea00000, 0x000000070ea00000| Untracked 
| 141|0x000000070eb00000, 0x000000070eb00000, 0x000000070ec00000|  0%| F|  |TAMS 0x000000070eb00000, 0x000000070eb00000| Untracked 
| 142|0x000000070ec00000, 0x000000070ec00000, 0x000000070ed00000|  0%| F|  |TAMS 0x000000070ec00000, 0x000000070ec00000| Untracked 
| 143|0x000000070ed00000, 0x000000070ed00000, 0x000000070ee00000|  0%| F|  |TAMS 0x000000070ed00000, 0x000000070ed00000| Untracked 
| 144|0x000000070ee00000, 0x000000070ee00000, 0x000000070ef00000|  0%| F|  |TAMS 0x000000070ee00000, 0x000000070ee00000| Untracked 
| 145|0x000000070ef00000, 0x000000070ef00000, 0x000000070f000000|  0%| F|  |TAMS 0x000000070ef00000, 0x000000070ef00000| Untracked 
| 146|0x000000070f000000, 0x000000070f000000, 0x000000070f100000|  0%| F|  |TAMS 0x000000070f000000, 0x000000070f000000| Untracked 
| 147|0x000000070f100000, 0x000000070f100000, 0x000000070f200000|  0%| F|  |TAMS 0x000000070f100000, 0x000000070f100000| Untracked 
| 148|0x000000070f200000, 0x000000070f200000, 0x000000070f300000|  0%| F|  |TAMS 0x000000070f200000, 0x000000070f200000| Untracked 
| 149|0x000000070f300000, 0x000000070f300000, 0x000000070f400000|  0%| F|  |TAMS 0x000000070f300000, 0x000000070f300000| Untracked 
| 150|0x000000070f400000, 0x000000070f400000, 0x000000070f500000|  0%| F|  |TAMS 0x000000070f400000, 0x000000070f400000| Untracked 
| 151|0x000000070f500000, 0x000000070f500000, 0x000000070f600000|  0%| F|  |TAMS 0x000000070f500000, 0x000000070f500000| Untracked 
| 152|0x000000070f600000, 0x000000070f600000, 0x000000070f700000|  0%| F|  |TAMS 0x000000070f600000, 0x000000070f600000| Untracked 
| 153|0x000000070f700000, 0x000000070f700000, 0x000000070f800000|  0%| F|  |TAMS 0x000000070f700000, 0x000000070f700000| Untracked 
| 154|0x000000070f800000, 0x000000070f800000, 0x000000070f900000|  0%| F|  |TAMS 0x000000070f800000, 0x000000070f800000| Untracked 
| 155|0x000000070f900000, 0x000000070f900000, 0x000000070fa00000|  0%| F|  |TAMS 0x000000070f900000, 0x000000070f900000| Untracked 
| 156|0x000000070fa00000, 0x000000070fa00000, 0x000000070fb00000|  0%| F|  |TAMS 0x000000070fa00000, 0x000000070fa00000| Untracked 
| 157|0x000000070fb00000, 0x000000070fb00000, 0x000000070fc00000|  0%| F|  |TAMS 0x000000070fb00000, 0x000000070fb00000| Untracked 
| 158|0x000000070fc00000, 0x000000070fc00000, 0x000000070fd00000|  0%| F|  |TAMS 0x000000070fc00000, 0x000000070fc00000| Untracked 
| 159|0x000000070fd00000, 0x000000070fd00000, 0x000000070fe00000|  0%| F|  |TAMS 0x000000070fd00000, 0x000000070fd00000| Untracked 
| 160|0x000000070fe00000, 0x000000070fe00000, 0x000000070ff00000|  0%| F|  |TAMS 0x000000070fe00000, 0x000000070fe00000| Untracked 
| 161|0x000000070ff00000, 0x000000070ff00000, 0x0000000710000000|  0%| F|  |TAMS 0x000000070ff00000, 0x000000070ff00000| Untracked 
| 162|0x0000000710000000, 0x0000000710000000, 0x0000000710100000|  0%| F|  |TAMS 0x0000000710000000, 0x0000000710000000| Untracked 
| 163|0x0000000710100000, 0x0000000710100000, 0x0000000710200000|  0%| F|  |TAMS 0x0000000710100000, 0x0000000710100000| Untracked 
| 164|0x0000000710200000, 0x0000000710200000, 0x0000000710300000|  0%| F|  |TAMS 0x0000000710200000, 0x0000000710200000| Untracked 
| 165|0x0000000710300000, 0x0000000710300000, 0x0000000710400000|  0%| F|  |TAMS 0x0000000710300000, 0x0000000710300000| Untracked 
| 166|0x0000000710400000, 0x0000000710400000, 0x0000000710500000|  0%| F|  |TAMS 0x0000000710400000, 0x0000000710400000| Untracked 
| 167|0x0000000710500000, 0x0000000710500000, 0x0000000710600000|  0%| F|  |TAMS 0x0000000710500000, 0x0000000710500000| Untracked 
| 168|0x0000000710600000, 0x0000000710600000, 0x0000000710700000|  0%| F|  |TAMS 0x0000000710600000, 0x0000000710600000| Untracked 
| 169|0x0000000710700000, 0x0000000710700000, 0x0000000710800000|  0%| F|  |TAMS 0x0000000710700000, 0x0000000710700000| Untracked 
| 170|0x0000000710800000, 0x0000000710800000, 0x0000000710900000|  0%| F|  |TAMS 0x0000000710800000, 0x0000000710800000| Untracked 
| 171|0x0000000710900000, 0x0000000710900000, 0x0000000710a00000|  0%| F|  |TAMS 0x0000000710900000, 0x0000000710900000| Untracked 
| 172|0x0000000710a00000, 0x0000000710a00000, 0x0000000710b00000|  0%| F|  |TAMS 0x0000000710a00000, 0x0000000710a00000| Untracked 
| 173|0x0000000710b00000, 0x0000000710b00000, 0x0000000710c00000|  0%| F|  |TAMS 0x0000000710b00000, 0x0000000710b00000| Untracked 
| 174|0x0000000710c00000, 0x0000000710c00000, 0x0000000710d00000|  0%| F|  |TAMS 0x0000000710c00000, 0x0000000710c00000| Untracked 
| 175|0x0000000710d00000, 0x0000000710d00000, 0x0000000710e00000|  0%| F|  |TAMS 0x0000000710d00000, 0x0000000710d00000| Untracked 
| 176|0x0000000710e00000, 0x0000000710e00000, 0x0000000710f00000|  0%| F|  |TAMS 0x0000000710e00000, 0x0000000710e00000| Untracked 
| 177|0x0000000710f00000, 0x0000000710f00000, 0x0000000711000000|  0%| F|  |TAMS 0x0000000710f00000, 0x0000000710f00000| Untracked 
| 178|0x0000000711000000, 0x0000000711000000, 0x0000000711100000|  0%| F|  |TAMS 0x0000000711000000, 0x0000000711000000| Untracked 
| 179|0x0000000711100000, 0x0000000711100000, 0x0000000711200000|  0%| F|  |TAMS 0x0000000711100000, 0x0000000711100000| Untracked 
| 180|0x0000000711200000, 0x0000000711200000, 0x0000000711300000|  0%| F|  |TAMS 0x0000000711200000, 0x0000000711200000| Untracked 
| 181|0x0000000711300000, 0x0000000711300000, 0x0000000711400000|  0%| F|  |TAMS 0x0000000711300000, 0x0000000711300000| Untracked 
| 182|0x0000000711400000, 0x0000000711400000, 0x0000000711500000|  0%| F|  |TAMS 0x0000000711400000, 0x0000000711400000| Untracked 
| 183|0x0000000711500000, 0x0000000711500000, 0x0000000711600000|  0%| F|  |TAMS 0x0000000711500000, 0x0000000711500000| Untracked 
| 184|0x0000000711600000, 0x0000000711600000, 0x0000000711700000|  0%| F|  |TAMS 0x0000000711600000, 0x0000000711600000| Untracked 
| 185|0x0000000711700000, 0x0000000711700000, 0x0000000711800000|  0%| F|  |TAMS 0x0000000711700000, 0x0000000711700000| Untracked 
| 186|0x0000000711800000, 0x0000000711800000, 0x0000000711900000|  0%| F|  |TAMS 0x0000000711800000, 0x0000000711800000| Untracked 
| 187|0x0000000711900000, 0x0000000711900000, 0x0000000711a00000|  0%| F|  |TAMS 0x0000000711900000, 0x0000000711900000| Untracked 
| 188|0x0000000711a00000, 0x0000000711a00000, 0x0000000711b00000|  0%| F|  |TAMS 0x0000000711a00000, 0x0000000711a00000| Untracked 
| 189|0x0000000711b00000, 0x0000000711b00000, 0x0000000711c00000|  0%| F|  |TAMS 0x0000000711b00000, 0x0000000711b00000| Untracked 
| 190|0x0000000711c00000, 0x0000000711c00000, 0x0000000711d00000|  0%| F|  |TAMS 0x0000000711c00000, 0x0000000711c00000| Untracked 
| 191|0x0000000711d00000, 0x0000000711d00000, 0x0000000711e00000|  0%| F|  |TAMS 0x0000000711d00000, 0x0000000711d00000| Untracked 
| 192|0x0000000711e00000, 0x0000000711e00000, 0x0000000711f00000|  0%| F|  |TAMS 0x0000000711e00000, 0x0000000711e00000| Untracked 
| 193|0x0000000711f00000, 0x0000000711f00000, 0x0000000712000000|  0%| F|  |TAMS 0x0000000711f00000, 0x0000000711f00000| Untracked 
| 194|0x0000000712000000, 0x0000000712000000, 0x0000000712100000|  0%| F|  |TAMS 0x0000000712000000, 0x0000000712000000| Untracked 
| 195|0x0000000712100000, 0x0000000712100000, 0x0000000712200000|  0%| F|  |TAMS 0x0000000712100000, 0x0000000712100000| Untracked 
| 196|0x0000000712200000, 0x0000000712200000, 0x0000000712300000|  0%| F|  |TAMS 0x0000000712200000, 0x0000000712200000| Untracked 
| 197|0x0000000712300000, 0x0000000712300000, 0x0000000712400000|  0%| F|  |TAMS 0x0000000712300000, 0x0000000712300000| Untracked 
| 198|0x0000000712400000, 0x0000000712400000, 0x0000000712500000|  0%| F|  |TAMS 0x0000000712400000, 0x0000000712400000| Untracked 
| 199|0x0000000712500000, 0x0000000712500000, 0x0000000712600000|  0%| F|  |TAMS 0x0000000712500000, 0x0000000712500000| Untracked 
| 200|0x0000000712600000, 0x0000000712600000, 0x0000000712700000|  0%| F|  |TAMS 0x0000000712600000, 0x0000000712600000| Untracked 
| 201|0x0000000712700000, 0x0000000712700000, 0x0000000712800000|  0%| F|  |TAMS 0x0000000712700000, 0x0000000712700000| Untracked 
| 202|0x0000000712800000, 0x0000000712800000, 0x0000000712900000|  0%| F|  |TAMS 0x0000000712800000, 0x0000000712800000| Untracked 
| 203|0x0000000712900000, 0x0000000712900000, 0x0000000712a00000|  0%| F|  |TAMS 0x0000000712900000, 0x0000000712900000| Untracked 
| 204|0x0000000712a00000, 0x0000000712a00000, 0x0000000712b00000|  0%| F|  |TAMS 0x0000000712a00000, 0x0000000712a00000| Untracked 
| 205|0x0000000712b00000, 0x0000000712b00000, 0x0000000712c00000|  0%| F|  |TAMS 0x0000000712b00000, 0x0000000712b00000| Untracked 
| 206|0x0000000712c00000, 0x0000000712c00000, 0x0000000712d00000|  0%| F|  |TAMS 0x0000000712c00000, 0x0000000712c00000| Untracked 
| 207|0x0000000712d00000, 0x0000000712d00000, 0x0000000712e00000|  0%| F|  |TAMS 0x0000000712d00000, 0x0000000712d00000| Untracked 
| 208|0x0000000712e00000, 0x0000000712e00000, 0x0000000712f00000|  0%| F|  |TAMS 0x0000000712e00000, 0x0000000712e00000| Untracked 
| 209|0x0000000712f00000, 0x0000000712f00000, 0x0000000713000000|  0%| F|  |TAMS 0x0000000712f00000, 0x0000000712f00000| Untracked 
| 210|0x0000000713000000, 0x0000000713000000, 0x0000000713100000|  0%| F|  |TAMS 0x0000000713000000, 0x0000000713000000| Untracked 
| 211|0x0000000713100000, 0x0000000713100000, 0x0000000713200000|  0%| F|  |TAMS 0x0000000713100000, 0x0000000713100000| Untracked 
| 212|0x0000000713200000, 0x0000000713200000, 0x0000000713300000|  0%| F|  |TAMS 0x0000000713200000, 0x0000000713200000| Untracked 
| 213|0x0000000713300000, 0x0000000713300000, 0x0000000713400000|  0%| F|  |TAMS 0x0000000713300000, 0x0000000713300000| Untracked 
| 214|0x0000000713400000, 0x0000000713400000, 0x0000000713500000|  0%| F|  |TAMS 0x0000000713400000, 0x0000000713400000| Untracked 
| 215|0x0000000713500000, 0x0000000713500000, 0x0000000713600000|  0%| F|  |TAMS 0x0000000713500000, 0x0000000713500000| Untracked 
| 216|0x0000000713600000, 0x0000000713600000, 0x0000000713700000|  0%| F|  |TAMS 0x0000000713600000, 0x0000000713600000| Untracked 
| 217|0x0000000713700000, 0x0000000713700000, 0x0000000713800000|  0%| F|  |TAMS 0x0000000713700000, 0x0000000713700000| Untracked 
| 218|0x0000000713800000, 0x0000000713800000, 0x0000000713900000|  0%| F|  |TAMS 0x0000000713800000, 0x0000000713800000| Untracked 
| 219|0x0000000713900000, 0x0000000713900000, 0x0000000713a00000|  0%| F|  |TAMS 0x0000000713900000, 0x0000000713900000| Untracked 
| 220|0x0000000713a00000, 0x0000000713a00000, 0x0000000713b00000|  0%| F|  |TAMS 0x0000000713a00000, 0x0000000713a00000| Untracked 
| 221|0x0000000713b00000, 0x0000000713b00000, 0x0000000713c00000|  0%| F|  |TAMS 0x0000000713b00000, 0x0000000713b00000| Untracked 
| 222|0x0000000713c00000, 0x0000000713c00000, 0x0000000713d00000|  0%| F|  |TAMS 0x0000000713c00000, 0x0000000713c00000| Untracked 
| 223|0x0000000713d00000, 0x0000000713d00000, 0x0000000713e00000|  0%| F|  |TAMS 0x0000000713d00000, 0x0000000713d00000| Untracked 
| 224|0x0000000713e00000, 0x0000000713e00000, 0x0000000713f00000|  0%| F|  |TAMS 0x0000000713e00000, 0x0000000713e00000| Untracked 
| 225|0x0000000713f00000, 0x0000000713f78300, 0x0000000714000000| 46%| S|CS|TAMS 0x0000000713f00000, 0x0000000713f00000| Complete 
| 226|0x0000000714000000, 0x0000000714100000, 0x0000000714100000|100%| S|CS|TAMS 0x0000000714000000, 0x0000000714000000| Complete 
| 227|0x0000000714100000, 0x0000000714200000, 0x0000000714200000|100%| S|CS|TAMS 0x0000000714100000, 0x0000000714100000| Complete 
| 228|0x0000000714200000, 0x0000000714200000, 0x0000000714300000|  0%| F|  |TAMS 0x0000000714200000, 0x0000000714200000| Untracked 
| 229|0x0000000714300000, 0x0000000714300000, 0x0000000714400000|  0%| F|  |TAMS 0x0000000714300000, 0x0000000714300000| Untracked 
| 230|0x0000000714400000, 0x0000000714400000, 0x0000000714500000|  0%| F|  |TAMS 0x0000000714400000, 0x0000000714400000| Untracked 
| 231|0x0000000714500000, 0x0000000714500000, 0x0000000714600000|  0%| F|  |TAMS 0x0000000714500000, 0x0000000714500000| Untracked 
| 232|0x0000000714600000, 0x0000000714600000, 0x0000000714700000|  0%| F|  |TAMS 0x0000000714600000, 0x0000000714600000| Untracked 
| 233|0x0000000714700000, 0x0000000714700000, 0x0000000714800000|  0%| F|  |TAMS 0x0000000714700000, 0x0000000714700000| Untracked 
| 234|0x0000000714800000, 0x0000000714800000, 0x0000000714900000|  0%| F|  |TAMS 0x0000000714800000, 0x0000000714800000| Untracked 
| 235|0x0000000714900000, 0x0000000714900000, 0x0000000714a00000|  0%| F|  |TAMS 0x0000000714900000, 0x0000000714900000| Untracked 
| 236|0x0000000714a00000, 0x0000000714a00000, 0x0000000714b00000|  0%| F|  |TAMS 0x0000000714a00000, 0x0000000714a00000| Untracked 
| 237|0x0000000714b00000, 0x0000000714b00000, 0x0000000714c00000|  0%| F|  |TAMS 0x0000000714b00000, 0x0000000714b00000| Untracked 
| 238|0x0000000714c00000, 0x0000000714c00000, 0x0000000714d00000|  0%| F|  |TAMS 0x0000000714c00000, 0x0000000714c00000| Untracked 
| 239|0x0000000714d00000, 0x0000000714d00000, 0x0000000714e00000|  0%| F|  |TAMS 0x0000000714d00000, 0x0000000714d00000| Untracked 
| 240|0x0000000714e00000, 0x0000000714e00000, 0x0000000714f00000|  0%| F|  |TAMS 0x0000000714e00000, 0x0000000714e00000| Untracked 
| 241|0x0000000714f00000, 0x0000000714f00000, 0x0000000715000000|  0%| F|  |TAMS 0x0000000714f00000, 0x0000000714f00000| Untracked 
| 242|0x0000000715000000, 0x0000000715000000, 0x0000000715100000|  0%| F|  |TAMS 0x0000000715000000, 0x0000000715000000| Untracked 
| 243|0x0000000715100000, 0x0000000715100000, 0x0000000715200000|  0%| F|  |TAMS 0x0000000715100000, 0x0000000715100000| Untracked 
| 244|0x0000000715200000, 0x0000000715200000, 0x0000000715300000|  0%| F|  |TAMS 0x0000000715200000, 0x0000000715200000| Untracked 
| 245|0x0000000715300000, 0x0000000715300000, 0x0000000715400000|  0%| F|  |TAMS 0x0000000715300000, 0x0000000715300000| Untracked 
| 246|0x0000000715400000, 0x0000000715400000, 0x0000000715500000|  0%| F|  |TAMS 0x0000000715400000, 0x0000000715400000| Untracked 
| 247|0x0000000715500000, 0x0000000715500000, 0x0000000715600000|  0%| F|  |TAMS 0x0000000715500000, 0x0000000715500000| Untracked 
| 248|0x0000000715600000, 0x0000000715600000, 0x0000000715700000|  0%| F|  |TAMS 0x0000000715600000, 0x0000000715600000| Untracked 
| 249|0x0000000715700000, 0x0000000715700000, 0x0000000715800000|  0%| F|  |TAMS 0x0000000715700000, 0x0000000715700000| Untracked 
| 250|0x0000000715800000, 0x0000000715880800, 0x0000000715900000| 50%| E|  |TAMS 0x0000000715800000, 0x0000000715800000| Complete 
| 251|0x0000000715900000, 0x0000000715a00000, 0x0000000715a00000|100%| E|CS|TAMS 0x0000000715900000, 0x0000000715900000| Complete 

Card table byte_map: [0x000002352db30000,0x000002352e310000] _byte_map_base: 0x000002352a301000

Marking Bits (Prev, Next): (CMBitMap*) 0x0000023517f7aff8, (CMBitMap*) 0x0000023517f7b030
 Prev Bits: [0x000002352eaf0000, 0x0000023532978000)
 Next Bits: [0x0000023532980000, 0x0000023536808000)

Polling page: 0x0000023517e30000

Metaspace:

Usage:
  Non-class:     10.45 MB capacity,    10.30 MB ( 99%) used,   134.70 KB (  1%) free+waste,    17.13 KB ( <1%) overhead. 
      Class:      1.21 MB capacity,     1.10 MB ( 91%) used,   100.93 KB (  8%) free+waste,     7.88 KB ( <1%) overhead. 
       Both:     11.65 MB capacity,    11.40 MB ( 98%) used,   235.63 KB (  2%) free+waste,    25.00 KB ( <1%) overhead. 

Virtual space:
  Non-class space:       12.00 MB reserved,      10.50 MB ( 88%) committed 
      Class space:        1.00 GB reserved,       1.25 MB ( <1%) committed 
             Both:        1.01 GB reserved,      11.75 MB (  1%) committed 

Chunk freelists:
   Non-Class:  56.00 KB
       Class:  14.00 KB
        Both:  70.00 KB

MaxMetaspaceSize: 17179869184.00 GB
CompressedClassSpaceSize: 1.00 GB

CodeHeap 'non-profiled nmethods': size=120000Kb used=407Kb max_used=407Kb free=119593Kb
 bounds [0x0000023525af0000, 0x0000023525d60000, 0x000002352d020000]
CodeHeap 'profiled nmethods': size=120000Kb used=1345Kb max_used=1345Kb free=118654Kb
 bounds [0x000002351e5c0000, 0x000002351e830000, 0x0000023525af0000]
CodeHeap 'non-nmethods': size=5760Kb used=1172Kb max_used=1208Kb free=4587Kb
 bounds [0x000002351e020000, 0x000002351e290000, 0x000002351e5c0000]
 total_blobs=1728 nmethods=801 adapters=308
 compilation: enabled
              stopped_count=0, restarted_count=0
 full_count=0

Compilation events (20 events):
Event: 17.371 Thread 0x0000023539c55800  792       3       java.util.zip.ZipFile::ensureOpenOrZipException (18 bytes)
Event: 17.371 Thread 0x0000023539c55800 nmethod 792 0x000002351e70c710 code [0x000002351e70c8e0, 0x000002351e70cb10]
Event: 17.371 Thread 0x0000023539c55800  793       3       java.lang.ClassLoader::loadClass (7 bytes)
Event: 17.371 Thread 0x0000023539c55800 nmethod 793 0x000002351e70cc10 code [0x000002351e70cdc0, 0x000002351e70d010]
Event: 17.372 Thread 0x0000023539c55800  794       3       java.lang.String::checkIndex (46 bytes)
Event: 17.373 Thread 0x0000023539c55800 nmethod 794 0x000002351e70d090 code [0x000002351e70d320, 0x000002351e70dd40]
Event: 17.373 Thread 0x0000023539c55800  795       3       java.lang.String::codePointAt (50 bytes)
Event: 17.374 Thread 0x0000023539c55800 nmethod 795 0x000002351e70e110 code [0x000002351e70e300, 0x000002351e70e710]
Event: 17.374 Thread 0x0000023539c55800  796       3       jdk.internal.org.objectweb.asm.ClassWriter::newStringishItem (68 bytes)
Event: 17.374 Thread 0x0000023539c55800 nmethod 796 0x000002351e70e910 code [0x000002351e70eb20, 0x000002351e70ef00]
Event: 17.375 Thread 0x0000023539c55800  797       3       java.lang.Class::getComponentType (14 bytes)
Event: 17.375 Thread 0x0000023539c55800 nmethod 797 0x000002351e70f090 code [0x000002351e70f260, 0x000002351e70f470]
Event: 17.375 Thread 0x0000023539c55800  798       3       java.util.ImmutableCollections$List12::size (13 bytes)
Event: 17.375 Thread 0x0000023539c55800 nmethod 798 0x000002351e70f510 code [0x000002351e70f6c0, 0x000002351e70f898]
Event: 17.378 Thread 0x0000023539c55800  799       3       java.lang.invoke.DirectMethodHandle::internalMemberName (8 bytes)
Event: 17.378 Thread 0x0000023539c55800 nmethod 799 0x000002351e70f910 code [0x000002351e70fac0, 0x000002351e70fd18]
Event: 17.379 Thread 0x0000023539c55800  800       3       java.lang.String::toLowerCase (8 bytes)
Event: 17.380 Thread 0x0000023539c55800 nmethod 800 0x000002351e70fe10 code [0x000002351e710000, 0x000002351e710400]
Event: 17.385 Thread 0x0000023539d09800  801       4       java.lang.String::getBytes (44 bytes)
Event: 17.388 Thread 0x0000023539d09800 nmethod 801 0x0000023525b55710 code [0x0000023525b558a0, 0x0000023525b55a98]

GC Heap History (2 events):
Event: 17.357 GC heap before
{Heap before GC invocations=0 (full 0):
 garbage-first heap   total 258048K, used 23552K [0x0000000705e00000, 0x0000000800000000)
  region size 1024K, 24 young (24576K), 0 survivors (0K)
 Metaspace       used 11480K, capacity 11764K, committed 12032K, reserved 1060864K
  class space    used 1106K, capacity 1200K, committed 1280K, reserved 1048576K
}
Event: 17.364 GC heap after
{Heap after GC invocations=1 (full 0):
 garbage-first heap   total 258048K, used 2528K [0x0000000705e00000, 0x0000000800000000)
  region size 1024K, 3 young (3072K), 3 survivors (3072K)
 Metaspace       used 11480K, capacity 11764K, committed 12032K, reserved 1060864K
  class space    used 1106K, capacity 1200K, committed 1280K, reserved 1048576K
}

Deoptimization events (20 events):
Event: 17.222 Thread 0x000002353a166000 DEOPT PACKING pc=0x0000023525b3fb34 sp=0x00000099580fa4a0
Event: 17.222 Thread 0x000002353a166000 DEOPT UNPACKING pc=0x000002351e05d8af sp=0x00000099580fa430 mode 2
Event: 17.227 Thread 0x000002353a166000 Uncommon trap: trap_request=0xffffff4d fr.pc=0x0000023525b45694 relative=0x0000000000000074
Event: 17.228 Thread 0x000002353a166000 Uncommon trap: reason=unstable_if action=reinterpret pc=0x0000023525b45694 method=java.lang.Integer.numberOfLeadingZeros(I)I @ 5 c2
Event: 17.228 Thread 0x000002353a166000 DEOPT PACKING pc=0x0000023525b45694 sp=0x00000099580faeb0
Event: 17.228 Thread 0x000002353a166000 DEOPT UNPACKING pc=0x000002351e05d8af sp=0x00000099580fae48 mode 2
Event: 17.314 Thread 0x000002353a166000 Uncommon trap: trap_request=0xffffff4d fr.pc=0x0000023525b52860 relative=0x0000000000000240
Event: 17.314 Thread 0x000002353a166000 Uncommon trap: reason=unstable_if action=reinterpret pc=0x0000023525b52860 method=java.io.BufferedInputStream.read()I @ 8 c2
Event: 17.314 Thread 0x000002353a166000 DEOPT PACKING pc=0x0000023525b52860 sp=0x00000099580fea10
Event: 17.314 Thread 0x000002353a166000 DEOPT UNPACKING pc=0x000002351e05d8af sp=0x00000099580fe9c0 mode 2
Event: 17.325 Thread 0x000002353a166000 DEOPT PACKING pc=0x000002351e6fbd64 sp=0x00000099580fea70
Event: 17.325 Thread 0x000002353a166000 DEOPT UNPACKING pc=0x000002351e05d6ce sp=0x00000099580fdf88 mode 0
Event: 17.337 Thread 0x000002353a166000 Uncommon trap: trap_request=0xffffff4d fr.pc=0x0000023525b536f0 relative=0x0000000000000290
Event: 17.337 Thread 0x000002353a166000 Uncommon trap: reason=unstable_if action=reinterpret pc=0x0000023525b536f0 method=java.io.BufferedInputStream.read()I @ 23 c2
Event: 17.337 Thread 0x000002353a166000 DEOPT PACKING pc=0x0000023525b536f0 sp=0x00000099580feab0
Event: 17.337 Thread 0x000002353a166000 DEOPT UNPACKING pc=0x000002351e05d8af sp=0x00000099580fea18 mode 2
Event: 17.337 Thread 0x000002353a166000 Uncommon trap: trap_request=0xffffff4d fr.pc=0x0000023525b52ed0 relative=0x0000000000000110
Event: 17.337 Thread 0x000002353a166000 Uncommon trap: reason=unstable_if action=reinterpret pc=0x0000023525b52ed0 method=java.io.BufferedInputStream.read()I @ 23 c2
Event: 17.337 Thread 0x000002353a166000 DEOPT PACKING pc=0x0000023525b52ed0 sp=0x00000099580fea50
Event: 17.337 Thread 0x000002353a166000 DEOPT UNPACKING pc=0x000002351e05d8af sp=0x00000099580fea08 mode 2

Classes redefined (0 events):
No events

Internal exceptions (6 events):
Event: 16.197 Thread 0x000002353a166000 Exception <a 'java/lang/NoSuchMethodError'{0x00000007156ef3b8}: 'java.lang.Object java.lang.invoke.DirectMethodHandle$Holder.invokeStaticInit(java.lang.Object, int, int, int, int)'> (0x00000007156ef3b8) thrown at [c:/BuildAgent/work/5ff2f6c26000d570/src/h
Event: 16.658 Thread 0x000002353a166000 Exception <a 'java/lang/NoSuchMethodError'{0x0000000715140da0}: 'java.lang.Object java.lang.invoke.DirectMethodHandle$Holder.invokeStaticInit(java.lang.Object, java.lang.Object, int, int, int, int)'> (0x0000000715140da0) thrown at [c:/BuildAgent/work/5ff2
Event: 16.675 Thread 0x0000023519f61800 Exception <a 'java/lang/NoSuchMethodError'{0x000000071518c048}: 'int java.lang.invoke.DirectMethodHandle$Holder.invokeSpecialIFC(java.lang.Object, java.lang.Object, int)'> (0x000000071518c048) thrown at [c:/BuildAgent/work/5ff2f6c26000d570/src/hotspot/sha
Event: 17.016 Thread 0x000002353a166000 Implicit null exception at 0x0000023525b26461 to 0x0000023525b266ce
Event: 17.017 Thread 0x000002353a166000 Implicit null exception at 0x0000023525b2088b to 0x0000023525b21546
Event: 17.242 Thread 0x000002353a166000 Exception <a 'sun/nio/fs/WindowsException'{0x0000000714273008}> (0x0000000714273008) thrown at [c:/BuildAgent/work/5ff2f6c26000d570/src/hotspot/share/prims/jni.cpp, line 615]

Events (20 events):
Event: 28.258 Executing VM operation: SetFramePop
Event: 28.258 Executing VM operation: SetFramePop done
Event: 28.258 Executing VM operation: GetFrameLocation
Event: 28.258 Executing VM operation: GetFrameLocation done
Event: 28.258 Executing VM operation: GetCurrentLocation
Event: 28.259 Executing VM operation: GetCurrentLocation done
Event: 28.259 Executing VM operation: ChangeSingleStep
Event: 28.259 Executing VM operation: ChangeSingleStep done
Event: 28.261 Executing VM operation: ChangeSingleStep
Event: 28.261 Executing VM operation: ChangeSingleStep done
Event: 28.261 Executing VM operation: RevokeBias
Event: 28.261 Executing VM operation: RevokeBias done
Event: 28.261 loading class org/sqlite/jdbc4/JDBC4PreparedStatement
Event: 28.261 loading class org/sqlite/jdbc4/JDBC4PreparedStatement done
Event: 28.264 Executing VM operation: RevokeBias
Event: 28.264 Executing VM operation: RevokeBias done
Event: 28.266 loading class org/sqlite/jdbc3/JDBC3PreparedStatement
Event: 28.266 loading class org/sqlite/jdbc3/JDBC3PreparedStatement done
Event: 28.269 loading class org/sqlite/core/CorePreparedStatement
Event: 28.269 loading class org/sqlite/core/CorePreparedStatement done


Dynamic libraries:
0x00007ff7c6d50000 - 0x00007ff7c6d5a000 	C:\Users\beard\AppData\Local\JetBrains\Toolbox\apps\IDEA-U\ch-0\193.6015.39\jbr\bin\java.exe
0x00007ffcebf20000 - 0x00007ffcec110000 	C:\WINDOWS\SYSTEM32\ntdll.dll
0x00007ffceb520000 - 0x00007ffceb5d2000 	C:\WINDOWS\System32\KERNEL32.DLL
0x00007ffce9280000 - 0x00007ffce9524000 	C:\WINDOWS\System32\KERNELBASE.dll
0x00007ffce9730000 - 0x00007ffce982a000 	C:\WINDOWS\System32\ucrtbase.dll
0x00007ffce2e50000 - 0x00007ffce2e69000 	C:\Users\beard\AppData\Local\JetBrains\Toolbox\apps\IDEA-U\ch-0\193.6015.39\jbr\bin\jli.dll
0x00007ffce32f0000 - 0x00007ffce3307000 	C:\Users\beard\AppData\Local\JetBrains\Toolbox\apps\IDEA-U\ch-0\193.6015.39\jbr\bin\VCRUNTIME140.dll
0x00007ffceb740000 - 0x00007ffceb8d4000 	C:\WINDOWS\System32\USER32.dll
0x00007ffcd6a90000 - 0x00007ffcd6d14000 	C:\WINDOWS\WinSxS\amd64_microsoft.windows.common-controls_6595b64144ccf1df_6.0.18362.836_none_e6c4b943130f18ed\COMCTL32.dll
0x00007ffce9100000 - 0x00007ffce9121000 	C:\WINDOWS\System32\win32u.dll
0x00007ffcea7d0000 - 0x00007ffcea86e000 	C:\WINDOWS\System32\msvcrt.dll
0x00007ffcea870000 - 0x00007ffcea896000 	C:\WINDOWS\System32\GDI32.dll
0x00007ffcea240000 - 0x00007ffcea576000 	C:\WINDOWS\System32\combase.dll
0x00007ffce8eb0000 - 0x00007ffce9044000 	C:\WINDOWS\System32\gdi32full.dll
0x00007ffcea120000 - 0x00007ffcea240000 	C:\WINDOWS\System32\RPCRT4.dll
0x00007ffce9530000 - 0x00007ffce95ce000 	C:\WINDOWS\System32\msvcp_win.dll
0x00007ffce95d0000 - 0x00007ffce9650000 	C:\WINDOWS\System32\bcryptPrimitives.dll
0x00007ffcea740000 - 0x00007ffcea76e000 	C:\WINDOWS\System32\IMM32.DLL
0x00007ffcc3600000 - 0x00007ffcc369d000 	C:\Users\beard\AppData\Local\JetBrains\Toolbox\apps\IDEA-U\ch-0\193.6015.39\jbr\bin\msvcp140.dll
0x00007ffcaf240000 - 0x00007ffcafcfb000 	C:\Users\beard\AppData\Local\JetBrains\Toolbox\apps\IDEA-U\ch-0\193.6015.39\jbr\bin\server\jvm.dll
0x00007ffcead20000 - 0x00007ffceadc3000 	C:\WINDOWS\System32\ADVAPI32.dll
0x00007ffcebe40000 - 0x00007ffcebed7000 	C:\WINDOWS\System32\sechost.dll
0x00007ffcebe30000 - 0x00007ffcebe38000 	C:\WINDOWS\System32\PSAPI.DLL
0x00007ffcd7fb0000 - 0x00007ffcd7fb9000 	C:\WINDOWS\SYSTEM32\WSOCK32.dll
0x00007ffce6010000 - 0x00007ffce6034000 	C:\WINDOWS\SYSTEM32\WINMM.dll
0x00007ffce0fb0000 - 0x00007ffce0fba000 	C:\WINDOWS\SYSTEM32\VERSION.dll
0x00007ffceb5e0000 - 0x00007ffceb64f000 	C:\WINDOWS\System32\WS2_32.dll
0x00007ffce5fe0000 - 0x00007ffce600d000 	C:\WINDOWS\SYSTEM32\winmmbase.dll
0x00007ffce9650000 - 0x00007ffce969a000 	C:\WINDOWS\System32\cfgmgr32.dll
0x00007ffce8e90000 - 0x00007ffce8ea1000 	C:\WINDOWS\System32\kernel.appcore.dll
0x00007ffce31e0000 - 0x00007ffce31f1000 	C:\Users\beard\AppData\Local\JetBrains\Toolbox\apps\IDEA-U\ch-0\193.6015.39\jbr\bin\verify.dll
0x00007ffcd7d70000 - 0x00007ffcd7f64000 	C:\WINDOWS\SYSTEM32\DBGHELP.DLL
0x00007ffcd7ca0000 - 0x00007ffcd7cca000 	C:\WINDOWS\SYSTEM32\dbgcore.DLL
0x00007ffce2d50000 - 0x00007ffce2d79000 	C:\Users\beard\AppData\Local\JetBrains\Toolbox\apps\IDEA-U\ch-0\193.6015.39\jbr\bin\java.dll
0x00007ffcd2490000 - 0x00007ffcd24c8000 	C:\Users\beard\AppData\Local\JetBrains\Toolbox\apps\IDEA-U\ch-0\193.6015.39\jbr\bin\jdwp.dll
0x00007ffce3380000 - 0x00007ffce338f000 	C:\Users\beard\AppData\Local\JetBrains\Toolbox\apps\IDEA-U\ch-0\193.6015.39\jbr\bin\instrument.dll
0x00007ffce3010000 - 0x00007ffce3027000 	C:\Users\beard\AppData\Local\JetBrains\Toolbox\apps\IDEA-U\ch-0\193.6015.39\jbr\bin\zip.dll
0x00007ffce32d0000 - 0x00007ffce32db000 	C:\Users\beard\AppData\Local\JetBrains\Toolbox\apps\IDEA-U\ch-0\193.6015.39\jbr\bin\jimage.dll
0x00007ffceae30000 - 0x00007ffceb514000 	C:\WINDOWS\System32\SHELL32.dll
0x00007ffceb8e0000 - 0x00007ffceb989000 	C:\WINDOWS\System32\shcore.dll
0x00007ffce9850000 - 0x00007ffce9fce000 	C:\WINDOWS\System32\windows.storage.dll
0x00007ffce8e60000 - 0x00007ffce8e83000 	C:\WINDOWS\System32\profapi.dll
0x00007ffce8e10000 - 0x00007ffce8e5a000 	C:\WINDOWS\System32\powrprof.dll
0x00007ffce8de0000 - 0x00007ffce8df0000 	C:\WINDOWS\System32\UMPDC.dll
0x00007ffcea6e0000 - 0x00007ffcea732000 	C:\WINDOWS\System32\shlwapi.dll
0x00007ffce9830000 - 0x00007ffce9847000 	C:\WINDOWS\System32\cryptsp.dll
0x00007ffce32e0000 - 0x00007ffce32eb000 	C:\Users\beard\AppData\Local\JetBrains\Toolbox\apps\IDEA-U\ch-0\193.6015.39\jbr\bin\dt_socket.dll
0x00007ffce85a0000 - 0x00007ffce8607000 	C:\WINDOWS\System32\mswsock.dll
0x00007ffce8300000 - 0x00007ffce83cb000 	C:\WINDOWS\SYSTEM32\DNSAPI.dll
0x00007ffcead10000 - 0x00007ffcead18000 	C:\WINDOWS\System32\NSI.dll
0x00007ffce82c0000 - 0x00007ffce82fa000 	C:\WINDOWS\SYSTEM32\IPHLPAPI.DLL
0x00007ffcdfd80000 - 0x00007ffcdfdf7000 	C:\WINDOWS\System32\fwpuclnt.dll
0x00007ffce9700000 - 0x00007ffce9726000 	C:\WINDOWS\System32\bcrypt.dll
0x00007ffcdc4c0000 - 0x00007ffcdc4ca000 	C:\Windows\System32\rasadhlp.dll
0x00007ffce2fb0000 - 0x00007ffce2fca000 	C:\Users\beard\AppData\Local\JetBrains\Toolbox\apps\IDEA-U\ch-0\193.6015.39\jbr\bin\net.dll
0x00007ffcdc900000 - 0x00007ffcdc9f0000 	C:\WINDOWS\SYSTEM32\WINHTTP.dll
0x00007ffce2d30000 - 0x00007ffce2d44000 	C:\Users\beard\AppData\Local\JetBrains\Toolbox\apps\IDEA-U\ch-0\193.6015.39\jbr\bin\nio.dll
0x00007ffce8120000 - 0x00007ffce8153000 	C:\WINDOWS\system32\rsaenh.dll
0x00007ffce8d00000 - 0x00007ffce8d25000 	C:\WINDOWS\SYSTEM32\USERENV.dll
0x00007ffce8720000 - 0x00007ffce872c000 	C:\WINDOWS\SYSTEM32\CRYPTBASE.dll
0x00007ffce0e30000 - 0x00007ffce0e46000 	C:\WINDOWS\SYSTEM32\dhcpcsvc6.DLL
0x00007ffce0e10000 - 0x00007ffce0e2c000 	C:\WINDOWS\SYSTEM32\dhcpcsvc.DLL
0x00007ffce12c0000 - 0x00007ffce12e8000 	C:\Users\beard\AppData\Local\JetBrains\Toolbox\apps\IDEA-U\ch-0\193.6015.39\jbr\bin\sunec.dll
0x000000006d580000 - 0x000000006d63d000 	C:\Users\beard\AppData\Local\Temp\sqlite-3.8.11.1-cba19148-02d2-405d-8ef2-de06c3f12743-sqlitejdbc.dll
0x0000000000c50000 - 0x0000000000d0d000 	C:\Users\beard\AppData\Local\Temp\sqlite-3.8.11.1-f02f59a0-7c05-4c0f-a2ef-fb3f1f25c57c-sqlitejdbc.dll

dbghelp: loaded successfully - version: 4.0.5 - missing functions: none
symbol engine: initialized successfully - sym options: 0x614 - pdb path: .;C:\Users\beard\AppData\Local\JetBrains\Toolbox\apps\IDEA-U\ch-0\193.6015.39\jbr\bin;C:\WINDOWS\SYSTEM32;C:\WINDOWS\WinSxS\amd64_microsoft.windows.common-controls_6595b64144ccf1df_6.0.18362.836_none_e6c4b943130f18ed;C:\Users\beard\AppData\Local\JetBrains\Toolbox\apps\IDEA-U\ch-0\193.6015.39\jbr\bin\server;C:\Users\beard\AppData\Local\Temp

VM Arguments:
jvm_args: -agentlib:jdwp=transport=dt_socket,address=51600,suspend=y,server=y -javaagent:C:\Users\beard\AppData\Local\JetBrains\Toolbox\apps\IDEA-U\ch-0\193.6015.39\plugins\java\lib\rt\debugger-agent.jar 
java_command: com.miedviediev.cs.Practice3.Servers.StoreServerTCP
java_class_path (initial): C:\Term4D\CS\Practice3\target\classes;C:\Users\beard\.m2\repository\org\postgresql\postgresql\42.2.12\postgresql-42.2.12.jar;C:\Users\beard\.m2\repository\com\google\code\gson\gson\2.8.6\gson-2.8.6.jar;C:\Users\beard\.m2\repository\org\xerial\sqlite-jdbc\3.8.11.1\sqlite-jdbc-3.8.11.1.jar;C:\Users\beard\AppData\Local\JetBrains\Toolbox\apps\IDEA-U\ch-0\193.6015.39\lib\idea_rt.jar
Launcher Type: SUN_STANDARD

[Global flags]
     intx CICompilerCount                          = 4                                         {product} {ergonomic}
     uint ConcGCThreads                            = 2                                         {product} {ergonomic}
     uint G1ConcRefinementThreads                  = 8                                         {product} {ergonomic}
   size_t G1HeapRegionSize                         = 1048576                                   {product} {ergonomic}
    uintx GCDrainStackTargetSize                   = 64                                        {product} {ergonomic}
   size_t InitialHeapSize                          = 264241152                                 {product} {ergonomic}
   size_t MarkStackSize                            = 4194304                                   {product} {ergonomic}
   size_t MaxHeapSize                              = 4196401152                                {product} {ergonomic}
   size_t MaxNewSize                               = 2517630976                                {product} {ergonomic}
   size_t MinHeapDeltaBytes                        = 1048576                                   {product} {ergonomic}
    uintx NonNMethodCodeHeapSize                   = 5836300                                {pd product} {ergonomic}
    uintx NonProfiledCodeHeapSize                  = 122910970                              {pd product} {ergonomic}
    uintx ProfiledCodeHeapSize                     = 122910970                              {pd product} {ergonomic}
    uintx ReservedCodeCacheSize                    = 251658240                              {pd product} {ergonomic}
     bool SegmentedCodeCache                       = true                                      {product} {ergonomic}
     bool UseCompressedClassPointers               = true                                 {lp64_product} {ergonomic}
     bool UseCompressedOops                        = true                                 {lp64_product} {ergonomic}
     bool UseG1GC                                  = true                                      {product} {ergonomic}
     bool UseLargePagesIndividualAllocation        = false                                  {pd product} {ergonomic}

Logging:
Log output configuration:
 #0: stdout all=warning uptime,level,tags
 #1: stderr all=off uptime,level,tags

Environment Variables:
JAVA_HOME=C:\Program Files\Java\jdk-11.0.2
PATH=C:\Program Files (x86)\Common Files\Oracle\Java\javapath;C:\WINDOWS\system32;C:\WINDOWS;C:\WINDOWS\System32\Wbem;C:\WINDOWS\System32\WindowsPowerShell\v1.0\;C:\WINDOWS\System32\OpenSSH\;C:\Program Files\Git\cmd;C:\Program Files\dotnet\;C:\Program Files\nodejs;C:\Users\beard\AppData\Roaming\npm;C:\Program Files\apache-maven-3.6.3\bin;C:\Program Files\PostgreSQL\12\bin;C:\Users\beard\AppData\Local\Programs\Python\Python37\Scripts\;C:\Users\beard\AppData\Local\Programs\Python\Python37\;C:\Users\beard\AppData\Local\Microsoft\WindowsApps;C:\Program Files\JetBrains\IntelliJ IDEA 2018.3.5\bin;C:\Users\beard\AppData\Local\GitHubDesktop\bin;C:\Users\beard\AppData\Roaming\npm;C:\Users\beard\AppData\Local\Microsoft\WindowsApps;C:\Program Files\apache-maven-3.6.3\bin;
USERNAME=beard
OS=Windows_NT
PROCESSOR_IDENTIFIER=AMD64 Family 23 Model 17 Stepping 0, AuthenticAMD



---------------  S Y S T E M  ---------------

OS: Windows 10 , 64 bit Build 18362 (10.0.18362.778)
HyperV virtualization detected

CPU:total 8 (initial active 8) (8 cores per cpu, 2 threads per core) family 23 model 17 stepping 0, cmov, cx8, fxsr, mmx, sse, sse2, sse3, ssse3, sse4.1, sse4.2, popcnt, avx, avx2, aes, clmul, mmxext, 3dnowpref, lzcnt, sse4a, ht, tsc, tscinvbit, tscinv, bmi1, bmi2, adx, sha, fma

Memory: 4k page, system-wide physical 16002M (5212M free)
TotalPageFile size 20061M (AvailPageFile size 4107M)
current process WorkingSet (physical memory assigned to process): 83M, peak: 92M
current process commit charge ("private bytes"): 349M, peak: 357M

vm_info: OpenJDK 64-Bit Server VM (11.0.5+10-b520.30) for windows-amd64 JRE (11.0.5+10-b520.30), built on Dec 24 2019 12:06:09 by "" with MS VC++ 14.0 (VS2015)

END.
